Determining if the pthread_create exist failed with the following output:
Change Dir: /home/robond/Documents/ND_projects/kuka_arm/ndws/build/CMakeFiles/CMakeTmp

Run Build Command:"/usr/bin/make" "cmTC_1a1ac/fast"
/usr/bin/make -f CMakeFiles/cmTC_1a1ac.dir/build.make CMakeFiles/cmTC_1a1ac.dir/build
make[1]: Entering directory '/home/robond/Documents/ND_projects/kuka_arm/ndws/build/CMakeFiles/CMakeTmp'
Building C object CMakeFiles/cmTC_1a1ac.dir/CheckSymbolExists.c.o
/usr/bin/cc     -o CMakeFiles/cmTC_1a1ac.dir/CheckSymbolExists.c.o   -c /home/robond/Documents/ND_projects/kuka_arm/ndws/build/CMakeFiles/CMakeTmp/CheckSymbolExists.c
Linking C executable cmTC_1a1ac
/usr/bin/cmake -E cmake_link_script CMakeFiles/cmTC_1a1ac.dir/link.txt --verbose=1
/usr/bin/cc       CMakeFiles/cmTC_1a1ac.dir/CheckSymbolExists.c.o  -o cmTC_1a1ac -rdynamic 
CMakeFiles/cmTC_1a1ac.dir/CheckSymbolExists.c.o: In function `main':
CheckSymbolExists.c:(.text+0x16): undefined reference to `pthread_create'
collect2: error: ld returned 1 exit status
CMakeFiles/cmTC_1a1ac.dir/build.make:97: recipe for target 'cmTC_1a1ac' failed
make[1]: *** [cmTC_1a1ac] Error 1
make[1]: Leaving directory '/home/robond/Documents/ND_projects/kuka_arm/ndws/build/CMakeFiles/CMakeTmp'
Makefile:126: recipe for target 'cmTC_1a1ac/fast' failed
make: *** [cmTC_1a1ac/fast] Error 2

File /home/robond/Documents/ND_projects/kuka_arm/ndws/build/CMakeFiles/CMakeTmp/CheckSymbolExists.c:
/* */
#include <pthread.h>

int main(int argc, char** argv)
{
  (void)argv;
#ifndef pthread_create
  return ((int*)(&pthread_create))[argc];
#else
  (void)argc;
  return 0;
#endif
}

Determining if the function pthread_create exists in the pthreads failed with the following output:
Change Dir: /home/robond/Documents/ND_projects/kuka_arm/ndws/build/CMakeFiles/CMakeTmp

Run Build Command:"/usr/bin/make" "cmTC_8f465/fast"
/usr/bin/make -f CMakeFiles/cmTC_8f465.dir/build.make CMakeFiles/cmTC_8f465.dir/build
make[1]: Entering directory '/home/robond/Documents/ND_projects/kuka_arm/ndws/build/CMakeFiles/CMakeTmp'
Building C object CMakeFiles/cmTC_8f465.dir/CheckFunctionExists.c.o
/usr/bin/cc    -DCHECK_FUNCTION_EXISTS=pthread_create   -o CMakeFiles/cmTC_8f465.dir/CheckFunctionExists.c.o   -c /usr/share/cmake-3.5/Modules/CheckFunctionExists.c
Linking C executable cmTC_8f465
/usr/bin/cmake -E cmake_link_script CMakeFiles/cmTC_8f465.dir/link.txt --verbose=1
/usr/bin/cc   -DCHECK_FUNCTION_EXISTS=pthread_create    CMakeFiles/cmTC_8f465.dir/CheckFunctionExists.c.o  -o cmTC_8f465 -rdynamic -lpthreads 
/usr/bin/ld: cannot find -lpthreads
collect2: error: ld returned 1 exit status
CMakeFiles/cmTC_8f465.dir/build.make:97: recipe for target 'cmTC_8f465' failed
make[1]: *** [cmTC_8f465] Error 1
make[1]: Leaving directory '/home/robond/Documents/ND_projects/kuka_arm/ndws/build/CMakeFiles/CMakeTmp'
Makefile:126: recipe for target 'cmTC_8f465/fast' failed
make: *** [cmTC_8f465/fast] Error 2


